<?xml version="1.0" encoding="UTF-8"?>
<!-- Generated by org.testng.reporters.JUnitReportReporter -->
<testsuite skipped="0" hostname="QQSPLOXLTP0078" name="betheHeroProject.BeTheHero_tc_8" tests="1" failures="0" timestamp="08 Sep 2022 11:50:20 GMT" time="25.940" errors="0">
  <testcase name="testCase8" time="25.940" classname="betheHeroProject.BeTheHero_tc_8"/>
</testsuite> <!-- betheHeroProject.BeTheHero_tc_8 -->
