<?xml version="1.0" encoding="UTF-8"?>
<!-- Generated by org.testng.reporters.JUnitReportReporter -->
<testsuite skipped="0" hostname="QQSPLOXLTP0078" name="betheHeroProject.BeTheHero_tc_1" tests="1" failures="0" timestamp="09 Sep 2022 10:21:48 GMT" time="43.621" errors="0">
  <testcase name="SignUp" time="43.621" classname="betheHeroProject.BeTheHero_tc_1"/>
</testsuite> <!-- betheHeroProject.BeTheHero_tc_1 -->
