<?xml version="1.0" encoding="UTF-8"?>
<!-- Generated by org.testng.reporters.JUnitReportReporter -->
<testsuite skipped="0" hostname="QQSPLOXLTP0078" name="betheHeroProject.BeTheHero_tc_2" tests="1" failures="0" timestamp="09 Sep 2022 05:28:17 GMT" time="30.350" errors="0">
  <testcase name="testCase2" time="30.350" classname="betheHeroProject.BeTheHero_tc_2"/>
</testsuite> <!-- betheHeroProject.BeTheHero_tc_2 -->
