<?xml version="1.0" encoding="UTF-8"?>
<!-- Generated by org.testng.reporters.JUnitReportReporter -->
<testsuite skipped="0" hostname="QQSPLOXLTP0078" name="betheHeroProject.BeTheHero_tc_5" tests="1" failures="0" timestamp="09 Sep 2022 09:12:02 GMT" time="27.871" errors="0">
  <testcase name="testCse5" time="27.871" classname="betheHeroProject.BeTheHero_tc_5"/>
</testsuite> <!-- betheHeroProject.BeTheHero_tc_5 -->
