<?xml version="1.0" encoding="UTF-8"?>
<!-- Generated by org.testng.reporters.JUnitReportReporter -->
<testsuite skipped="1" hostname="QQSPLOXLTP0078" name="betheHeroProject.BeTheHero_AllTestCAses" tests="10" failures="0" timestamp="09 Sep 2022 11:05:36 GMT" time="290.802" errors="0">
  <testcase name="TestCase1" time="38.951" classname="betheHeroProject.BeTheHero_AllTestCAses"/>
  <testcase name="testCase2" time="35.219" classname="betheHeroProject.BeTheHero_AllTestCAses"/>
  <testcase name="testCase3" time="36.777" classname="betheHeroProject.BeTheHero_AllTestCAses"/>
  <testcase name="testCase4" time="27.767" classname="betheHeroProject.BeTheHero_AllTestCAses"/>
  <testcase name="testCse5" time="35.104" classname="betheHeroProject.BeTheHero_AllTestCAses"/>
  <testcase name="testCase7" time="26.934" classname="betheHeroProject.BeTheHero_AllTestCAses"/>
  <testcase name="testCase8" time="24.502" classname="betheHeroProject.BeTheHero_AllTestCAses"/>
  <testcase name="testCase9" time="30.092" classname="betheHeroProject.BeTheHero_AllTestCAses"/>
  <testcase name="testCase10" time="35.456" classname="betheHeroProject.BeTheHero_AllTestCAses"/>
  <testcase name="testCase6" classname="betheHeroProject.BeTheHero_AllTestCAses">
    <skipped/>
  </testcase> <!-- testCase6 -->
</testsuite> <!-- betheHeroProject.BeTheHero_AllTestCAses -->
