<?xml version="1.0" encoding="UTF-8"?>
<!-- Generated by org.testng.reporters.JUnitReportReporter -->
<testsuite skipped="0" hostname="QQSPLOXLTP0078" name="betheHeroProject.BeTheHero_tc_3" tests="1" failures="0" timestamp="09 Sep 2022 05:29:10 GMT" time="33.589" errors="0">
  <testcase name="testCase3" time="33.589" classname="betheHeroProject.BeTheHero_tc_3"/>
</testsuite> <!-- betheHeroProject.BeTheHero_tc_3 -->
