<?xml version="1.0" encoding="UTF-8"?>
<!-- Generated by org.testng.reporters.JUnitReportReporter -->
<testsuite skipped="0" hostname="QQSPLOXLTP0078" name="betheHeroProject.BeTheHero_tc_9" tests="1" failures="0" timestamp="07 Sep 2022 07:12:57 GMT" time="10.789" errors="0">
  <testcase name="testCase10" time="10.789" classname="betheHeroProject.BeTheHero_tc_9"/>
</testsuite> <!-- betheHeroProject.BeTheHero_tc_9 -->
