<?xml version="1.0" encoding="UTF-8"?>
<!-- Generated by org.testng.reporters.JUnitReportReporter -->
<testsuite skipped="0" hostname="QQSPLOXLTP0078" name="betheHeroProject.BeTheHero_tc_4" tests="1" failures="0" timestamp="08 Sep 2022 12:51:23 GMT" time="13.517" errors="0">
  <testcase name="testCase3" time="13.517" classname="betheHeroProject.BeTheHero_tc_4"/>
</testsuite> <!-- betheHeroProject.BeTheHero_tc_4 -->
