<?xml version="1.0" encoding="UTF-8"?>
<!-- Generated by org.testng.reporters.JUnitReportReporter -->
<testsuite skipped="0" hostname="QQSPLOXLTP0078" name="betheHeroProject.BeTheHero_tc_7" tests="1" failures="0" timestamp="08 Sep 2022 11:49:24 GMT" time="18.311" errors="0">
  <testcase name="testCase7" time="18.311" classname="betheHeroProject.BeTheHero_tc_7"/>
</testsuite> <!-- betheHeroProject.BeTheHero_tc_7 -->
