<?xml version="1.0" encoding="UTF-8"?>
<!-- Generated by org.testng.reporters.JUnitReportReporter -->
<testsuite skipped="0" hostname="QQSPLOXLTP0078" name="betheHeroProject.BeTheHero_tc_10" tests="1" failures="0" timestamp="09 Sep 2022 04:36:58 GMT" time="27.177" errors="0">
  <testcase name="testCase10" time="27.177" classname="betheHeroProject.BeTheHero_tc_10"/>
</testsuite> <!-- betheHeroProject.BeTheHero_tc_10 -->
