<?xml version="1.0" encoding="UTF-8"?>
<!-- Generated by org.testng.reporters.JUnitReportReporter -->
<testsuite skipped="1" hostname="QQSPLOXLTP0078" name="betheHeroProject.BeTheHero" tests="10" failures="0" timestamp="09 Sep 2022 09:49:14 GMT" time="265.811" errors="0">
  <testcase name="testCse5" time="32.627" classname="betheHeroProject.BeTheHero"/>
  <testcase name="TestCase1" time="38.410" classname="betheHeroProject.BeTheHero"/>
  <testcase name="testCase2" time="32.737" classname="betheHeroProject.BeTheHero"/>
  <testcase name="testCase3" time="32.739" classname="betheHeroProject.BeTheHero"/>
  <testcase name="testCase4" time="28.801" classname="betheHeroProject.BeTheHero"/>
  <testcase name="testCase7" time="23.122" classname="betheHeroProject.BeTheHero"/>
  <testcase name="testCase8" time="25.734" classname="betheHeroProject.BeTheHero"/>
  <testcase name="testCase9" time="24.238" classname="betheHeroProject.BeTheHero"/>
  <testcase name="testCase10" time="27.403" classname="betheHeroProject.BeTheHero"/>
  <testcase name="testCase6" classname="betheHeroProject.BeTheHero">
    <skipped/>
  </testcase> <!-- testCase6 -->
</testsuite> <!-- betheHeroProject.BeTheHero -->
